[2023-03-23 03:07:17Z INFO HostContext] No proxy settings were found based on environmental variables (http_proxy/https_proxy/HTTP_PROXY/HTTPS_PROXY)
[2023-03-23 03:07:17Z INFO HostContext] Well known directory 'Bin': '/home/ubuntu/gcmf-cib-api/actions-runner/bin'
[2023-03-23 03:07:17Z INFO HostContext] Well known directory 'Root': '/home/ubuntu/gcmf-cib-api/actions-runner'
[2023-03-23 03:07:17Z INFO HostContext] Well known config file 'Credentials': '/home/ubuntu/gcmf-cib-api/actions-runner/.credentials'
[2023-03-23 03:07:17Z INFO HostContext] Well known directory 'Bin': '/home/ubuntu/gcmf-cib-api/actions-runner/bin'
[2023-03-23 03:07:17Z INFO HostContext] Well known directory 'Root': '/home/ubuntu/gcmf-cib-api/actions-runner'
[2023-03-23 03:07:17Z INFO HostContext] Well known config file 'Runner': '/home/ubuntu/gcmf-cib-api/actions-runner/.runner'
[2023-03-23 03:07:17Z INFO Listener] Runner is built for Linux (X64) - linux-x64.
[2023-03-23 03:07:17Z INFO Listener] RuntimeInformation: Linux 5.15.0-1031-aws #35-Ubuntu SMP Fri Feb 10 02:07:18 UTC 2023.
[2023-03-23 03:07:17Z INFO Listener] Version: 2.303.0
[2023-03-23 03:07:17Z INFO Listener] Commit: e676c7871817c1b484299cd93fabdf4b95e70741
[2023-03-23 03:07:17Z INFO Listener] Culture: 
[2023-03-23 03:07:17Z INFO Listener] UI Culture: 
[2023-03-23 03:07:17Z INFO HostContext] Well known directory 'Bin': '/home/ubuntu/gcmf-cib-api/actions-runner/bin'
[2023-03-23 03:07:17Z INFO HostContext] Well known directory 'Root': '/home/ubuntu/gcmf-cib-api/actions-runner'
[2023-03-23 03:07:17Z INFO Listener] Validating directory permissions for: '/home/ubuntu/gcmf-cib-api/actions-runner'
[2023-03-23 03:07:17Z INFO CommandLineParser] Parse
[2023-03-23 03:07:17Z INFO CommandLineParser] Parsing 5 args
[2023-03-23 03:07:17Z INFO CommandLineParser] parsing argument
[2023-03-23 03:07:17Z INFO CommandLineParser] HasArgs: False
[2023-03-23 03:07:17Z INFO CommandLineParser] Adding Command: configure
[2023-03-23 03:07:17Z INFO CommandLineParser] parsing argument
[2023-03-23 03:07:17Z INFO CommandLineParser] HasArgs: True
[2023-03-23 03:07:17Z INFO CommandLineParser] arg: url
[2023-03-23 03:07:17Z INFO CommandLineParser] parsing argument
[2023-03-23 03:07:17Z INFO CommandLineParser] HasArgs: True
[2023-03-23 03:07:17Z INFO CommandLineParser] Adding option 'url': 'https://github.com/xanotech101/gcmf-cib-api'
[2023-03-23 03:07:17Z INFO CommandLineParser] parsing argument
[2023-03-23 03:07:17Z INFO CommandLineParser] HasArgs: True
[2023-03-23 03:07:17Z INFO CommandLineParser] arg: token
[2023-03-23 03:07:17Z INFO CommandLineParser] parsing argument
[2023-03-23 03:07:17Z INFO CommandLineParser] HasArgs: True
[2023-03-23 03:07:17Z INFO CommandLineParser] Adding option 'token': '***'
[2023-03-23 03:07:17Z INFO Listener] Arguments parsed
[2023-03-23 03:07:17Z INFO Runner] ExecuteCommand
[2023-03-23 03:07:17Z INFO ConfigurationStore] currentAssemblyLocation: /home/ubuntu/gcmf-cib-api/actions-runner/bin/Runner.Listener.dll
[2023-03-23 03:07:17Z INFO HostContext] Well known directory 'Bin': '/home/ubuntu/gcmf-cib-api/actions-runner/bin'
[2023-03-23 03:07:17Z INFO ConfigurationStore] binPath: /home/ubuntu/gcmf-cib-api/actions-runner/bin
[2023-03-23 03:07:17Z INFO HostContext] Well known directory 'Bin': '/home/ubuntu/gcmf-cib-api/actions-runner/bin'
[2023-03-23 03:07:17Z INFO HostContext] Well known directory 'Root': '/home/ubuntu/gcmf-cib-api/actions-runner'
[2023-03-23 03:07:17Z INFO ConfigurationStore] RootFolder: /home/ubuntu/gcmf-cib-api/actions-runner
[2023-03-23 03:07:17Z INFO HostContext] Well known directory 'Bin': '/home/ubuntu/gcmf-cib-api/actions-runner/bin'
[2023-03-23 03:07:17Z INFO HostContext] Well known directory 'Root': '/home/ubuntu/gcmf-cib-api/actions-runner'
[2023-03-23 03:07:17Z INFO HostContext] Well known config file 'Runner': '/home/ubuntu/gcmf-cib-api/actions-runner/.runner'
[2023-03-23 03:07:17Z INFO ConfigurationStore] ConfigFilePath: /home/ubuntu/gcmf-cib-api/actions-runner/.runner
[2023-03-23 03:07:17Z INFO HostContext] Well known directory 'Bin': '/home/ubuntu/gcmf-cib-api/actions-runner/bin'
[2023-03-23 03:07:17Z INFO HostContext] Well known directory 'Root': '/home/ubuntu/gcmf-cib-api/actions-runner'
[2023-03-23 03:07:17Z INFO HostContext] Well known config file 'Credentials': '/home/ubuntu/gcmf-cib-api/actions-runner/.credentials'
[2023-03-23 03:07:17Z INFO ConfigurationStore] CredFilePath: /home/ubuntu/gcmf-cib-api/actions-runner/.credentials
[2023-03-23 03:07:17Z INFO HostContext] Well known directory 'Bin': '/home/ubuntu/gcmf-cib-api/actions-runner/bin'
[2023-03-23 03:07:17Z INFO HostContext] Well known directory 'Root': '/home/ubuntu/gcmf-cib-api/actions-runner'
[2023-03-23 03:07:17Z INFO HostContext] Well known config file 'MigratedCredentials': '/home/ubuntu/gcmf-cib-api/actions-runner/.credentials_migrated'
[2023-03-23 03:07:17Z INFO ConfigurationStore] MigratedCredFilePath: /home/ubuntu/gcmf-cib-api/actions-runner/.credentials_migrated
[2023-03-23 03:07:17Z INFO HostContext] Well known directory 'Bin': '/home/ubuntu/gcmf-cib-api/actions-runner/bin'
[2023-03-23 03:07:17Z INFO HostContext] Well known directory 'Root': '/home/ubuntu/gcmf-cib-api/actions-runner'
[2023-03-23 03:07:17Z INFO HostContext] Well known config file 'Service': '/home/ubuntu/gcmf-cib-api/actions-runner/.service'
[2023-03-23 03:07:17Z INFO ConfigurationStore] ServiceConfigFilePath: /home/ubuntu/gcmf-cib-api/actions-runner/.service
[2023-03-23 03:07:17Z INFO CommandSettings] Flag 'help': 'False'
[2023-03-23 03:07:17Z INFO CommandSettings] Flag 'version': 'False'
[2023-03-23 03:07:17Z INFO CommandSettings] Flag 'commit': 'False'
[2023-03-23 03:07:17Z INFO CommandSettings] Flag 'check': 'False'
[2023-03-23 03:07:17Z INFO CommandSettings] Command 'configure': 'True'
[2023-03-23 03:07:17Z INFO Terminal] WRITE LINE: 
[2023-03-23 03:07:17Z INFO Terminal] WRITE LINE: --------------------------------------------------------------------------------
[2023-03-23 03:07:17Z INFO Terminal] WRITE LINE: |        ____ _ _   _   _       _          _        _   _                      |
[2023-03-23 03:07:17Z INFO Terminal] WRITE LINE: |       / ___(_) |_| | | |_   _| |__      / \   ___| |_(_) ___  _ __  ___      |
[2023-03-23 03:07:17Z INFO Terminal] WRITE LINE: |      | |  _| | __| |_| | | | | '_ \    / _ \ / __| __| |/ _ \| '_ \/ __|     |
[2023-03-23 03:07:17Z INFO Terminal] WRITE LINE: |      | |_| | | |_|  _  | |_| | |_) |  / ___ \ (__| |_| | (_) | | | \__ \     |
[2023-03-23 03:07:17Z INFO Terminal] WRITE LINE: |       \____|_|\__|_| |_|\__,_|_.__/  /_/   \_\___|\__|_|\___/|_| |_|___/     |
[2023-03-23 03:07:17Z INFO Terminal] WRITE LINE: |                                                                              |
[2023-03-23 03:07:17Z INFO Terminal] WRITE: |                       
[2023-03-23 03:07:17Z INFO Terminal] WRITE: Self-hosted runner registration
[2023-03-23 03:07:17Z INFO Terminal] WRITE LINE:                         |
[2023-03-23 03:07:17Z INFO Terminal] WRITE LINE: |                                                                              |
[2023-03-23 03:07:17Z INFO Terminal] WRITE LINE: --------------------------------------------------------------------------------
[2023-03-23 03:07:17Z INFO ConfigurationManager] ConfigureAsync
[2023-03-23 03:07:17Z INFO CommandSettings] Flag 'generateServiceConfig': 'False'
[2023-03-23 03:07:17Z INFO ConfigurationStore] IsConfigured()
[2023-03-23 03:07:17Z INFO ConfigurationStore] IsConfigured: False
[2023-03-23 03:07:17Z INFO ConfigurationManager] Is configured: False
[2023-03-23 03:07:17Z INFO CommandSettings] Arg 'url': 'https://github.com/xanotech101/gcmf-cib-api'
[2023-03-23 03:07:17Z INFO CommandSettings] Remove url from Arg dictionary.
[2023-03-23 03:07:17Z INFO CommandSettings] Arg 'token': '***'
[2023-03-23 03:07:17Z INFO CommandSettings] Remove token from Arg dictionary.
[2023-03-23 03:07:18Z INFO ConfigurationManager] Http response code: OK from 'POST https://api.github.com/actions/runner-registration' (CA9E:14F2:170E973:2F4CD68:641BC265)
[2023-03-23 03:07:18Z INFO ConfigurationManager] cred retrieved via GitHub auth
[2023-03-23 03:07:18Z INFO RunnerServer] EstablishVssConnection
[2023-03-23 03:07:18Z INFO RunnerServer] Establish connection with 100 seconds timeout.
[2023-03-23 03:07:18Z INFO GitHubActionsService] Starting operation Location.GetConnectionData
[2023-03-23 03:07:18Z INFO RunnerServer] EstablishVssConnection
[2023-03-23 03:07:18Z INFO RunnerServer] Establish connection with 60 seconds timeout.
[2023-03-23 03:07:18Z INFO GitHubActionsService] Starting operation Location.GetConnectionData
[2023-03-23 03:07:18Z INFO RunnerServer] EstablishVssConnection
[2023-03-23 03:07:18Z INFO RunnerServer] Establish connection with 60 seconds timeout.
[2023-03-23 03:07:18Z INFO GitHubActionsService] Starting operation Location.GetConnectionData
[2023-03-23 03:07:18Z INFO GitHubActionsService] Finished operation Location.GetConnectionData
[2023-03-23 03:07:18Z INFO GitHubActionsService] Finished operation Location.GetConnectionData
[2023-03-23 03:07:18Z INFO GitHubActionsService] Finished operation Location.GetConnectionData
[2023-03-23 03:07:18Z INFO Terminal] WRITE LINE: 
[2023-03-23 03:07:18Z INFO ConfigurationManager] Test Connection complete.
[2023-03-23 03:07:18Z INFO HostContext] Well known directory 'Bin': '/home/ubuntu/gcmf-cib-api/actions-runner/bin'
[2023-03-23 03:07:18Z INFO HostContext] Well known directory 'Root': '/home/ubuntu/gcmf-cib-api/actions-runner'
[2023-03-23 03:07:18Z INFO HostContext] Well known config file 'RSACredentials': '/home/ubuntu/gcmf-cib-api/actions-runner/.credentials_rsaparams'
[2023-03-23 03:07:18Z INFO RSAFileKeyManager] Creating new RSA key using 2048-bit key length
[2023-03-23 03:07:19Z INFO RSAFileKeyManager] Successfully saved RSA key parameters to file /home/ubuntu/gcmf-cib-api/actions-runner/.credentials_rsaparams
[2023-03-23 03:07:19Z INFO RSAFileKeyManager] Which: 'chmod'
[2023-03-23 03:07:19Z INFO RSAFileKeyManager] Location: '/usr/bin/chmod'
[2023-03-23 03:07:19Z INFO HostContext] Well known directory 'Bin': '/home/ubuntu/gcmf-cib-api/actions-runner/bin'
[2023-03-23 03:07:19Z INFO HostContext] Well known directory 'Root': '/home/ubuntu/gcmf-cib-api/actions-runner'
[2023-03-23 03:07:19Z INFO ProcessInvokerWrapper] Starting process:
[2023-03-23 03:07:19Z INFO ProcessInvokerWrapper]   File name: '/usr/bin/chmod'
[2023-03-23 03:07:19Z INFO ProcessInvokerWrapper]   Arguments: '600 /home/ubuntu/gcmf-cib-api/actions-runner/.credentials_rsaparams'
[2023-03-23 03:07:19Z INFO ProcessInvokerWrapper]   Working directory: '/home/ubuntu/gcmf-cib-api/actions-runner'
[2023-03-23 03:07:19Z INFO ProcessInvokerWrapper]   Require exit code zero: 'False'
[2023-03-23 03:07:19Z INFO ProcessInvokerWrapper]   Encoding web name:  ; code page: ''
[2023-03-23 03:07:19Z INFO ProcessInvokerWrapper]   Force kill process on cancellation: 'False'
[2023-03-23 03:07:19Z INFO ProcessInvokerWrapper]   Redirected STDIN: 'False'
[2023-03-23 03:07:19Z INFO ProcessInvokerWrapper]   Persist current code page: 'False'
[2023-03-23 03:07:19Z INFO ProcessInvokerWrapper]   Keep redirected STDIN open: 'False'
[2023-03-23 03:07:19Z INFO ProcessInvokerWrapper]   High priority process: 'False'
[2023-03-23 03:07:19Z INFO ProcessInvokerWrapper] Process started with process id 31640, waiting for process exit.
[2023-03-23 03:07:19Z INFO ProcessInvokerWrapper] STDOUT/STDERR stream read finished.
[2023-03-23 03:07:19Z INFO ProcessInvokerWrapper] STDOUT/STDERR stream read finished.
[2023-03-23 03:07:19Z INFO ProcessInvokerWrapper] Finished process 31640 with exit code 0, and elapsed time 00:00:00.0115679.
[2023-03-23 03:07:19Z INFO RSAFileKeyManager] Successfully set permissions for RSA key parameters file /home/ubuntu/gcmf-cib-api/actions-runner/.credentials_rsaparams
[2023-03-23 03:07:19Z INFO CommandSettings] Arg 'runnergroup': ''
[2023-03-23 03:07:19Z INFO CommandSettings] Flag 'unattended': 'False'
[2023-03-23 03:07:19Z INFO PromptManager] ReadValue
[2023-03-23 03:07:19Z INFO Terminal] WRITE: Enter the name of the runner group to add this runner to: 
[2023-03-23 03:07:19Z INFO Terminal] WRITE: [press Enter for Default] 
[2023-03-23 03:07:19Z INFO Terminal] READ LINE
[2023-03-23 03:07:30Z INFO Terminal] Read value: ''
[2023-03-23 03:07:30Z INFO PromptManager] Falling back to the default: 'Default'
[2023-03-23 03:07:30Z INFO Terminal] WRITE LINE: 
[2023-03-23 03:07:30Z INFO ConfigurationManager] Found a self-hosted runner group with id 1 and name Default
[2023-03-23 03:07:30Z INFO CommandSettings] Flag 'disableupdate': 'False'
[2023-03-23 03:07:30Z INFO CommandSettings] Flag 'ephemeral': 'False'
[2023-03-23 03:07:30Z INFO CommandSettings] Arg 'name': ''
[2023-03-23 03:07:30Z INFO CommandSettings] Flag 'unattended': 'False'
[2023-03-23 03:07:30Z INFO PromptManager] ReadValue
[2023-03-23 03:07:30Z INFO Terminal] WRITE: Enter the name of runner: 
[2023-03-23 03:07:30Z INFO Terminal] WRITE: [press Enter for ip-172-31-26-229] 
[2023-03-23 03:07:30Z INFO Terminal] READ LINE
[2023-03-23 03:07:33Z INFO Terminal] Read value: 'gcmf-cib-api'
[2023-03-23 03:07:33Z INFO Terminal] WRITE LINE: 
[2023-03-23 03:07:33Z INFO CommandSettings] Arg 'labels': ''
[2023-03-23 03:07:33Z INFO CommandSettings] Flag 'unattended': 'False'
[2023-03-23 03:07:33Z INFO PromptManager] ReadValue
[2023-03-23 03:07:33Z INFO Terminal] WRITE: This runner will have the following labels: 'self-hosted', 'Linux', 'X64' 
Enter any additional labels (ex. label-1,label-2): 
[2023-03-23 03:07:33Z INFO Terminal] WRITE: [press Enter to skip] 
[2023-03-23 03:07:33Z INFO Terminal] READ LINE
[2023-03-23 03:07:34Z INFO Terminal] Read value: ''
[2023-03-23 03:07:34Z INFO Terminal] WRITE LINE: 
[2023-03-23 03:07:34Z INFO CommandSettings] Flag 'disableupdate': 'False'
[2023-03-23 03:07:34Z INFO CommandSettings] Flag 'disableupdate': 'False'
[2023-03-23 03:07:34Z INFO CommandSettings] Flag 'ephemeral': 'False'
[2023-03-23 03:07:34Z INFO ConfigurationStore] Saving OAuth credential @ /home/ubuntu/gcmf-cib-api/actions-runner/.credentials
[2023-03-23 03:07:34Z INFO ConfigurationStore] Credentials Saved.
[2023-03-23 03:07:34Z INFO ConfigurationStore] HasCredentials()
[2023-03-23 03:07:34Z INFO ConfigurationStore] stored True
[2023-03-23 03:07:34Z INFO CredentialManager] GetCredentialProvider
[2023-03-23 03:07:34Z INFO CredentialManager] Creating type OAuth
[2023-03-23 03:07:34Z INFO CredentialManager] Creating credential type: OAuth
[2023-03-23 03:07:34Z INFO RSAFileKeyManager] Loading RSA key parameters from file /home/ubuntu/gcmf-cib-api/actions-runner/.credentials_rsaparams
[2023-03-23 03:07:34Z INFO RunnerServer] EstablishVssConnection
[2023-03-23 03:07:34Z INFO RunnerServer] Establish connection with 100 seconds timeout.
[2023-03-23 03:07:34Z INFO GitHubActionsService] Starting operation Location.GetConnectionData
[2023-03-23 03:07:34Z INFO RunnerServer] EstablishVssConnection
[2023-03-23 03:07:34Z INFO RunnerServer] Establish connection with 60 seconds timeout.
[2023-03-23 03:07:34Z INFO GitHubActionsService] Starting operation Location.GetConnectionData
[2023-03-23 03:07:34Z INFO RunnerServer] EstablishVssConnection
[2023-03-23 03:07:34Z INFO RunnerServer] Establish connection with 60 seconds timeout.
[2023-03-23 03:07:34Z INFO GitHubActionsService] Starting operation Location.GetConnectionData
[2023-03-23 03:07:34Z INFO GitHubActionsService] Finished operation Location.GetConnectionData
[2023-03-23 03:07:34Z INFO GitHubActionsService] Finished operation Location.GetConnectionData
[2023-03-23 03:07:34Z INFO GitHubActionsService] Finished operation Location.GetConnectionData
[2023-03-23 03:07:34Z INFO RSAFileKeyManager] Loading RSA key parameters from file /home/ubuntu/gcmf-cib-api/actions-runner/.credentials_rsaparams
[2023-03-23 03:07:34Z INFO RSAFileKeyManager] Loading RSA key parameters from file /home/ubuntu/gcmf-cib-api/actions-runner/.credentials_rsaparams
[2023-03-23 03:07:34Z INFO GitHubActionsService] AAD Correlation ID for this token request: Unknown
[2023-03-23 03:07:34Z INFO CommandSettings] Arg 'work': ''
[2023-03-23 03:07:34Z INFO CommandSettings] Flag 'unattended': 'False'
[2023-03-23 03:07:34Z INFO PromptManager] ReadValue
[2023-03-23 03:07:34Z INFO Terminal] WRITE: Enter name of work folder: 
[2023-03-23 03:07:34Z INFO Terminal] WRITE: [press Enter for _work] 
[2023-03-23 03:07:34Z INFO Terminal] READ LINE
[2023-03-23 03:07:36Z INFO Terminal] Read value: ''
[2023-03-23 03:07:36Z INFO PromptManager] Falling back to the default: '_work'
[2023-03-23 03:07:36Z INFO ConfigurationStore] Saving runner settings.
[2023-03-23 03:07:36Z INFO ConfigurationStore] Settings Saved.
[2023-03-23 03:07:36Z INFO Terminal] WRITE LINE: 
[2023-03-23 03:07:36Z INFO Terminal] WRITE LINE: 
[2023-03-23 03:07:36Z INFO SystemDControlManager] Service name 'actions.runner.xanotech101-gcmf-cib-api.gcmf-cib-api.service' display name 'GitHub Actions Runner (xanotech101-gcmf-cib-api.gcmf-cib-api)' will be used for service configuration.
[2023-03-23 03:07:36Z INFO HostContext] Well known directory 'Bin': '/home/ubuntu/gcmf-cib-api/actions-runner/bin'
[2023-03-23 03:07:36Z INFO HostContext] Well known directory 'Root': '/home/ubuntu/gcmf-cib-api/actions-runner'
[2023-03-23 03:07:36Z INFO HostContext] Well known directory 'Bin': '/home/ubuntu/gcmf-cib-api/actions-runner/bin'
[2023-03-23 03:07:36Z INFO HostContext] Well known directory 'Bin': '/home/ubuntu/gcmf-cib-api/actions-runner/bin'
[2023-03-23 03:07:36Z INFO HostContext] Well known directory 'Root': '/home/ubuntu/gcmf-cib-api/actions-runner'
[2023-03-23 03:07:36Z INFO UnixUtil] Which: 'chmod'
[2023-03-23 03:07:36Z INFO UnixUtil] Location: '/usr/bin/chmod'
[2023-03-23 03:07:36Z INFO UnixUtil] Running /usr/bin/chmod 755 "/home/ubuntu/gcmf-cib-api/actions-runner/svc.sh"
[2023-03-23 03:07:36Z INFO ProcessInvokerWrapper] Starting process:
[2023-03-23 03:07:36Z INFO ProcessInvokerWrapper]   File name: '/usr/bin/chmod'
[2023-03-23 03:07:36Z INFO ProcessInvokerWrapper]   Arguments: '755 "/home/ubuntu/gcmf-cib-api/actions-runner/svc.sh"'
[2023-03-23 03:07:36Z INFO ProcessInvokerWrapper]   Working directory: '/home/ubuntu/gcmf-cib-api/actions-runner'
[2023-03-23 03:07:36Z INFO ProcessInvokerWrapper]   Require exit code zero: 'True'
[2023-03-23 03:07:36Z INFO ProcessInvokerWrapper]   Encoding web name:  ; code page: ''
[2023-03-23 03:07:36Z INFO ProcessInvokerWrapper]   Force kill process on cancellation: 'False'
[2023-03-23 03:07:36Z INFO ProcessInvokerWrapper]   Redirected STDIN: 'False'
[2023-03-23 03:07:36Z INFO ProcessInvokerWrapper]   Persist current code page: 'False'
[2023-03-23 03:07:36Z INFO ProcessInvokerWrapper]   Keep redirected STDIN open: 'False'
[2023-03-23 03:07:36Z INFO ProcessInvokerWrapper]   High priority process: 'False'
[2023-03-23 03:07:36Z INFO ProcessInvokerWrapper] Updated oom_score_adj to 500 for PID: 31647.
[2023-03-23 03:07:36Z INFO ProcessInvokerWrapper] Process started with process id 31647, waiting for process exit.
[2023-03-23 03:07:36Z INFO ProcessInvokerWrapper] STDOUT/STDERR stream read finished.
[2023-03-23 03:07:36Z INFO ProcessInvokerWrapper] STDOUT/STDERR stream read finished.
[2023-03-23 03:07:36Z INFO ProcessInvokerWrapper] Finished process 31647 with exit code 0, and elapsed time 00:00:00.0039960.
[2023-03-23 03:07:36Z INFO Listener] Runner execution has finished with return code 0
