[2023-03-23 03:08:23Z INFO HostContext] No proxy settings were found based on environmental variables (http_proxy/https_proxy/HTTP_PROXY/HTTPS_PROXY)
[2023-03-23 03:08:23Z INFO HostContext] Well known directory 'Bin': '/home/ubuntu/gcmf-cib-api/actions-runner/bin'
[2023-03-23 03:08:23Z INFO HostContext] Well known directory 'Root': '/home/ubuntu/gcmf-cib-api/actions-runner'
[2023-03-23 03:08:23Z INFO HostContext] Well known config file 'Credentials': '/home/ubuntu/gcmf-cib-api/actions-runner/.credentials'
[2023-03-23 03:08:23Z INFO HostContext] Well known directory 'Bin': '/home/ubuntu/gcmf-cib-api/actions-runner/bin'
[2023-03-23 03:08:23Z INFO HostContext] Well known directory 'Root': '/home/ubuntu/gcmf-cib-api/actions-runner'
[2023-03-23 03:08:23Z INFO HostContext] Well known config file 'Runner': '/home/ubuntu/gcmf-cib-api/actions-runner/.runner'
[2023-03-23 03:08:23Z INFO Listener] Runner is built for Linux (X64) - linux-x64.
[2023-03-23 03:08:23Z INFO Listener] RuntimeInformation: Linux 5.15.0-1031-aws #35-Ubuntu SMP Fri Feb 10 02:07:18 UTC 2023.
[2023-03-23 03:08:23Z INFO Listener] Version: 2.303.0
[2023-03-23 03:08:23Z INFO Listener] Commit: e676c7871817c1b484299cd93fabdf4b95e70741
[2023-03-23 03:08:23Z INFO Listener] Culture: 
[2023-03-23 03:08:23Z INFO Listener] UI Culture: 
[2023-03-23 03:08:23Z INFO HostContext] Well known directory 'Bin': '/home/ubuntu/gcmf-cib-api/actions-runner/bin'
[2023-03-23 03:08:23Z INFO HostContext] Well known directory 'Root': '/home/ubuntu/gcmf-cib-api/actions-runner'
[2023-03-23 03:08:23Z INFO Listener] Validating directory permissions for: '/home/ubuntu/gcmf-cib-api/actions-runner'
[2023-03-23 03:08:23Z INFO CommandLineParser] Parse
[2023-03-23 03:08:23Z INFO CommandLineParser] Parsing 3 args
[2023-03-23 03:08:23Z INFO CommandLineParser] parsing argument
[2023-03-23 03:08:23Z INFO CommandLineParser] HasArgs: False
[2023-03-23 03:08:23Z INFO CommandLineParser] Adding Command: run
[2023-03-23 03:08:23Z INFO CommandLineParser] parsing argument
[2023-03-23 03:08:23Z INFO CommandLineParser] HasArgs: True
[2023-03-23 03:08:23Z INFO CommandLineParser] arg: startuptype
[2023-03-23 03:08:23Z INFO CommandLineParser] parsing argument
[2023-03-23 03:08:23Z INFO CommandLineParser] HasArgs: True
[2023-03-23 03:08:23Z INFO CommandLineParser] Adding option 'startuptype': 'service'
[2023-03-23 03:08:23Z INFO Listener] Arguments parsed
[2023-03-23 03:08:23Z INFO Runner] ExecuteCommand
[2023-03-23 03:08:23Z INFO ConfigurationStore] currentAssemblyLocation: /home/ubuntu/gcmf-cib-api/actions-runner/bin/Runner.Listener.dll
[2023-03-23 03:08:23Z INFO HostContext] Well known directory 'Bin': '/home/ubuntu/gcmf-cib-api/actions-runner/bin'
[2023-03-23 03:08:23Z INFO ConfigurationStore] binPath: /home/ubuntu/gcmf-cib-api/actions-runner/bin
[2023-03-23 03:08:23Z INFO HostContext] Well known directory 'Bin': '/home/ubuntu/gcmf-cib-api/actions-runner/bin'
[2023-03-23 03:08:23Z INFO HostContext] Well known directory 'Root': '/home/ubuntu/gcmf-cib-api/actions-runner'
[2023-03-23 03:08:23Z INFO ConfigurationStore] RootFolder: /home/ubuntu/gcmf-cib-api/actions-runner
[2023-03-23 03:08:23Z INFO HostContext] Well known directory 'Bin': '/home/ubuntu/gcmf-cib-api/actions-runner/bin'
[2023-03-23 03:08:23Z INFO HostContext] Well known directory 'Root': '/home/ubuntu/gcmf-cib-api/actions-runner'
[2023-03-23 03:08:23Z INFO HostContext] Well known config file 'Runner': '/home/ubuntu/gcmf-cib-api/actions-runner/.runner'
[2023-03-23 03:08:23Z INFO ConfigurationStore] ConfigFilePath: /home/ubuntu/gcmf-cib-api/actions-runner/.runner
[2023-03-23 03:08:23Z INFO HostContext] Well known directory 'Bin': '/home/ubuntu/gcmf-cib-api/actions-runner/bin'
[2023-03-23 03:08:23Z INFO HostContext] Well known directory 'Root': '/home/ubuntu/gcmf-cib-api/actions-runner'
[2023-03-23 03:08:23Z INFO HostContext] Well known config file 'Credentials': '/home/ubuntu/gcmf-cib-api/actions-runner/.credentials'
[2023-03-23 03:08:23Z INFO ConfigurationStore] CredFilePath: /home/ubuntu/gcmf-cib-api/actions-runner/.credentials
[2023-03-23 03:08:23Z INFO HostContext] Well known directory 'Bin': '/home/ubuntu/gcmf-cib-api/actions-runner/bin'
[2023-03-23 03:08:23Z INFO HostContext] Well known directory 'Root': '/home/ubuntu/gcmf-cib-api/actions-runner'
[2023-03-23 03:08:23Z INFO HostContext] Well known config file 'MigratedCredentials': '/home/ubuntu/gcmf-cib-api/actions-runner/.credentials_migrated'
[2023-03-23 03:08:23Z INFO ConfigurationStore] MigratedCredFilePath: /home/ubuntu/gcmf-cib-api/actions-runner/.credentials_migrated
[2023-03-23 03:08:23Z INFO HostContext] Well known directory 'Bin': '/home/ubuntu/gcmf-cib-api/actions-runner/bin'
[2023-03-23 03:08:23Z INFO HostContext] Well known directory 'Root': '/home/ubuntu/gcmf-cib-api/actions-runner'
[2023-03-23 03:08:23Z INFO HostContext] Well known config file 'Service': '/home/ubuntu/gcmf-cib-api/actions-runner/.service'
[2023-03-23 03:08:23Z INFO ConfigurationStore] ServiceConfigFilePath: /home/ubuntu/gcmf-cib-api/actions-runner/.service
[2023-03-23 03:08:23Z INFO CommandSettings] Flag 'help': 'False'
[2023-03-23 03:08:23Z INFO CommandSettings] Flag 'version': 'False'
[2023-03-23 03:08:23Z INFO CommandSettings] Flag 'commit': 'False'
[2023-03-23 03:08:23Z INFO CommandSettings] Flag 'check': 'False'
[2023-03-23 03:08:23Z INFO CommandSettings] Command 'configure': 'False'
[2023-03-23 03:08:23Z INFO CommandSettings] Command 'remove': 'False'
[2023-03-23 03:08:23Z INFO CommandSettings] Command 'warmup': 'False'
[2023-03-23 03:08:23Z INFO ConfigurationManager] LoadSettings
[2023-03-23 03:08:23Z INFO ConfigurationStore] IsConfigured()
[2023-03-23 03:08:23Z INFO ConfigurationStore] IsConfigured: True
[2023-03-23 03:08:23Z INFO ConfigurationManager] Is configured: True
[2023-03-23 03:08:23Z INFO ConfigurationStore] Read setting file: 293 chars
[2023-03-23 03:08:23Z INFO ConfigurationManager] Settings Loaded
[2023-03-23 03:08:23Z INFO ConfigurationStore] IsServiceConfigured()
[2023-03-23 03:08:23Z INFO ConfigurationStore] IsServiceConfigured: True
[2023-03-23 03:08:23Z INFO CommandSettings] Command 'run': 'True'
[2023-03-23 03:08:23Z INFO ConfigurationStore] IsConfigured()
[2023-03-23 03:08:23Z INFO ConfigurationStore] IsConfigured: True
[2023-03-23 03:08:23Z INFO ConfigurationManager] Is configured: True
[2023-03-23 03:08:23Z INFO Runner] Set runner startup type - Service
[2023-03-23 03:08:23Z INFO CommandSettings] Flag 'once': 'False'
[2023-03-23 03:08:23Z INFO CommandSettings] Flag 'once': 'False'
[2023-03-23 03:08:23Z INFO Runner] RunAsync
[2023-03-23 03:08:23Z INFO ConfigurationManager] LoadSettings
[2023-03-23 03:08:23Z INFO ConfigurationStore] IsConfigured()
[2023-03-23 03:08:23Z INFO ConfigurationStore] IsConfigured: True
[2023-03-23 03:08:23Z INFO ConfigurationManager] Is configured: True
[2023-03-23 03:08:23Z INFO ConfigurationManager] Settings Loaded
[2023-03-23 03:08:23Z INFO MessageListener] {
  "AgentId": 2,
  "AgentName": "gcmf-cib-api",
  "PoolId": 1,
  "PoolName": "Default",
  "ServerUrl": "https://pipelines.actions.githubusercontent.com/B8LofIgQtWGHv1Di7hWH5w3BtQ2muQeJ60DoeCd9N7KhTKYKsf",
  "GitHubUrl": "https://github.com/xanotech101/gcmf-cib-api",
  "WorkFolder": "_work"
}
[2023-03-23 03:08:23Z INFO MessageListener] Loading Credentials
[2023-03-23 03:08:23Z INFO ConfigurationStore] HasCredentials()
[2023-03-23 03:08:23Z INFO ConfigurationStore] stored True
[2023-03-23 03:08:23Z INFO CredentialManager] GetCredentialProvider
[2023-03-23 03:08:23Z INFO CredentialManager] Creating type OAuth
[2023-03-23 03:08:23Z INFO CredentialManager] Creating credential type: OAuth
[2023-03-23 03:08:23Z INFO HostContext] Well known directory 'Bin': '/home/ubuntu/gcmf-cib-api/actions-runner/bin'
[2023-03-23 03:08:23Z INFO HostContext] Well known directory 'Root': '/home/ubuntu/gcmf-cib-api/actions-runner'
[2023-03-23 03:08:23Z INFO HostContext] Well known config file 'RSACredentials': '/home/ubuntu/gcmf-cib-api/actions-runner/.credentials_rsaparams'
[2023-03-23 03:08:23Z INFO RSAFileKeyManager] Loading RSA key parameters from file /home/ubuntu/gcmf-cib-api/actions-runner/.credentials_rsaparams
[2023-03-23 03:08:24Z INFO MessageListener] Attempt to create session.
[2023-03-23 03:08:24Z INFO MessageListener] Connecting to the Runner Server...
[2023-03-23 03:08:24Z INFO RunnerServer] EstablishVssConnection
[2023-03-23 03:08:24Z INFO RunnerServer] Establish connection with 100 seconds timeout.
[2023-03-23 03:08:24Z INFO GitHubActionsService] Starting operation Location.GetConnectionData
[2023-03-23 03:08:24Z INFO RunnerServer] EstablishVssConnection
[2023-03-23 03:08:24Z INFO RunnerServer] Establish connection with 60 seconds timeout.
[2023-03-23 03:08:24Z INFO GitHubActionsService] Starting operation Location.GetConnectionData
[2023-03-23 03:08:24Z INFO RunnerServer] EstablishVssConnection
[2023-03-23 03:08:24Z INFO RunnerServer] Establish connection with 60 seconds timeout.
[2023-03-23 03:08:24Z INFO GitHubActionsService] Starting operation Location.GetConnectionData
[2023-03-23 03:08:24Z INFO GitHubActionsService] Finished operation Location.GetConnectionData
[2023-03-23 03:08:24Z INFO GitHubActionsService] Finished operation Location.GetConnectionData
[2023-03-23 03:08:24Z INFO GitHubActionsService] Finished operation Location.GetConnectionData
[2023-03-23 03:08:24Z INFO MessageListener] VssConnection created
[2023-03-23 03:08:24Z INFO Terminal] WRITE LINE: 
[2023-03-23 03:08:24Z INFO Terminal] WRITE LINE: 
[2023-03-23 03:08:24Z INFO RSAFileKeyManager] Loading RSA key parameters from file /home/ubuntu/gcmf-cib-api/actions-runner/.credentials_rsaparams
[2023-03-23 03:08:24Z INFO RSAFileKeyManager] Loading RSA key parameters from file /home/ubuntu/gcmf-cib-api/actions-runner/.credentials_rsaparams
[2023-03-23 03:08:25Z INFO GitHubActionsService] AAD Correlation ID for this token request: Unknown
[2023-03-23 03:08:25Z INFO MessageListener] Session created.
[2023-03-23 03:08:25Z INFO Terminal] WRITE LINE: Current runner version: '2.303.0'
[2023-03-23 03:08:25Z INFO Terminal] WRITE LINE: 2023-03-23 03:08:25Z: Listening for Jobs
[2023-03-23 03:08:25Z INFO JobDispatcher] Set runner/worker IPC timeout to 30 seconds.
[2023-03-23 03:38:25Z INFO MessageListener] No message retrieved from session 'a312f83e-554b-4f4b-8c21-9a5ee300a7aa' within last 30 minutes.
[2023-03-23 04:03:26Z INFO RSAFileKeyManager] Loading RSA key parameters from file /home/ubuntu/gcmf-cib-api/actions-runner/.credentials_rsaparams
[2023-03-23 04:03:26Z INFO GitHubActionsService] AAD Correlation ID for this token request: Unknown
[2023-03-23 04:08:26Z INFO MessageListener] No message retrieved from session 'a312f83e-554b-4f4b-8c21-9a5ee300a7aa' within last 30 minutes.
[2023-03-23 04:38:27Z INFO MessageListener] No message retrieved from session 'a312f83e-554b-4f4b-8c21-9a5ee300a7aa' within last 30 minutes.
[2023-03-23 04:58:28Z INFO RSAFileKeyManager] Loading RSA key parameters from file /home/ubuntu/gcmf-cib-api/actions-runner/.credentials_rsaparams
[2023-03-23 04:58:28Z INFO GitHubActionsService] AAD Correlation ID for this token request: Unknown
[2023-03-23 05:08:28Z INFO MessageListener] No message retrieved from session 'a312f83e-554b-4f4b-8c21-9a5ee300a7aa' within last 30 minutes.
[2023-03-23 05:38:29Z INFO MessageListener] No message retrieved from session 'a312f83e-554b-4f4b-8c21-9a5ee300a7aa' within last 30 minutes.
[2023-03-23 05:53:29Z INFO RSAFileKeyManager] Loading RSA key parameters from file /home/ubuntu/gcmf-cib-api/actions-runner/.credentials_rsaparams
[2023-03-23 05:53:29Z INFO GitHubActionsService] AAD Correlation ID for this token request: Unknown
[2023-03-23 06:08:30Z INFO MessageListener] No message retrieved from session 'a312f83e-554b-4f4b-8c21-9a5ee300a7aa' within last 30 minutes.
[2023-03-23 06:38:30Z INFO MessageListener] No message retrieved from session 'a312f83e-554b-4f4b-8c21-9a5ee300a7aa' within last 30 minutes.
[2023-03-23 06:48:30Z INFO RSAFileKeyManager] Loading RSA key parameters from file /home/ubuntu/gcmf-cib-api/actions-runner/.credentials_rsaparams
[2023-03-23 06:48:30Z INFO GitHubActionsService] AAD Correlation ID for this token request: Unknown
[2023-03-23 07:08:31Z INFO MessageListener] No message retrieved from session 'a312f83e-554b-4f4b-8c21-9a5ee300a7aa' within last 30 minutes.
[2023-03-23 07:38:31Z INFO MessageListener] No message retrieved from session 'a312f83e-554b-4f4b-8c21-9a5ee300a7aa' within last 30 minutes.
[2023-03-23 07:43:31Z INFO RSAFileKeyManager] Loading RSA key parameters from file /home/ubuntu/gcmf-cib-api/actions-runner/.credentials_rsaparams
[2023-03-23 07:43:32Z INFO GitHubActionsService] AAD Correlation ID for this token request: Unknown
[2023-03-23 08:08:32Z INFO MessageListener] No message retrieved from session 'a312f83e-554b-4f4b-8c21-9a5ee300a7aa' within last 30 minutes.
[2023-03-23 08:38:32Z INFO MessageListener] No message retrieved from session 'a312f83e-554b-4f4b-8c21-9a5ee300a7aa' within last 30 minutes.
[2023-03-23 08:38:32Z INFO RSAFileKeyManager] Loading RSA key parameters from file /home/ubuntu/gcmf-cib-api/actions-runner/.credentials_rsaparams
[2023-03-23 08:38:33Z INFO GitHubActionsService] AAD Correlation ID for this token request: Unknown
[2023-03-23 09:08:33Z INFO MessageListener] No message retrieved from session 'a312f83e-554b-4f4b-8c21-9a5ee300a7aa' within last 30 minutes.
[2023-03-23 09:33:33Z INFO RSAFileKeyManager] Loading RSA key parameters from file /home/ubuntu/gcmf-cib-api/actions-runner/.credentials_rsaparams
[2023-03-23 09:33:34Z INFO GitHubActionsService] AAD Correlation ID for this token request: Unknown
[2023-03-23 09:38:34Z INFO MessageListener] No message retrieved from session 'a312f83e-554b-4f4b-8c21-9a5ee300a7aa' within last 30 minutes.
[2023-03-23 10:08:34Z INFO MessageListener] No message retrieved from session 'a312f83e-554b-4f4b-8c21-9a5ee300a7aa' within last 30 minutes.
[2023-03-23 10:28:35Z INFO RSAFileKeyManager] Loading RSA key parameters from file /home/ubuntu/gcmf-cib-api/actions-runner/.credentials_rsaparams
[2023-03-23 10:28:35Z INFO GitHubActionsService] AAD Correlation ID for this token request: Unknown
[2023-03-23 10:38:35Z INFO MessageListener] No message retrieved from session 'a312f83e-554b-4f4b-8c21-9a5ee300a7aa' within last 30 minutes.
[2023-03-23 11:08:35Z INFO MessageListener] No message retrieved from session 'a312f83e-554b-4f4b-8c21-9a5ee300a7aa' within last 30 minutes.
[2023-03-23 11:23:36Z INFO RSAFileKeyManager] Loading RSA key parameters from file /home/ubuntu/gcmf-cib-api/actions-runner/.credentials_rsaparams
[2023-03-23 11:23:36Z INFO GitHubActionsService] AAD Correlation ID for this token request: Unknown
[2023-03-23 11:38:36Z INFO MessageListener] No message retrieved from session 'a312f83e-554b-4f4b-8c21-9a5ee300a7aa' within last 30 minutes.
[2023-03-23 12:08:37Z INFO MessageListener] No message retrieved from session 'a312f83e-554b-4f4b-8c21-9a5ee300a7aa' within last 30 minutes.
[2023-03-23 12:18:37Z INFO RSAFileKeyManager] Loading RSA key parameters from file /home/ubuntu/gcmf-cib-api/actions-runner/.credentials_rsaparams
[2023-03-23 12:18:37Z INFO GitHubActionsService] AAD Correlation ID for this token request: Unknown
[2023-03-23 12:38:37Z INFO MessageListener] No message retrieved from session 'a312f83e-554b-4f4b-8c21-9a5ee300a7aa' within last 30 minutes.
[2023-03-23 13:08:38Z INFO MessageListener] No message retrieved from session 'a312f83e-554b-4f4b-8c21-9a5ee300a7aa' within last 30 minutes.
[2023-03-23 13:13:38Z INFO RSAFileKeyManager] Loading RSA key parameters from file /home/ubuntu/gcmf-cib-api/actions-runner/.credentials_rsaparams
[2023-03-23 13:13:38Z INFO GitHubActionsService] AAD Correlation ID for this token request: Unknown
[2023-03-23 13:38:39Z INFO MessageListener] No message retrieved from session 'a312f83e-554b-4f4b-8c21-9a5ee300a7aa' within last 30 minutes.
[2023-03-23 14:08:39Z INFO MessageListener] No message retrieved from session 'a312f83e-554b-4f4b-8c21-9a5ee300a7aa' within last 30 minutes.
[2023-03-23 14:08:39Z INFO RSAFileKeyManager] Loading RSA key parameters from file /home/ubuntu/gcmf-cib-api/actions-runner/.credentials_rsaparams
[2023-03-23 14:08:40Z INFO GitHubActionsService] AAD Correlation ID for this token request: Unknown
[2023-03-23 14:38:40Z INFO MessageListener] No message retrieved from session 'a312f83e-554b-4f4b-8c21-9a5ee300a7aa' within last 30 minutes.
[2023-03-23 15:03:41Z INFO RSAFileKeyManager] Loading RSA key parameters from file /home/ubuntu/gcmf-cib-api/actions-runner/.credentials_rsaparams
[2023-03-23 15:03:41Z INFO GitHubActionsService] AAD Correlation ID for this token request: Unknown
[2023-03-23 15:08:41Z INFO MessageListener] No message retrieved from session 'a312f83e-554b-4f4b-8c21-9a5ee300a7aa' within last 30 minutes.
[2023-03-23 15:38:42Z INFO MessageListener] No message retrieved from session 'a312f83e-554b-4f4b-8c21-9a5ee300a7aa' within last 30 minutes.
[2023-03-23 15:58:42Z INFO RSAFileKeyManager] Loading RSA key parameters from file /home/ubuntu/gcmf-cib-api/actions-runner/.credentials_rsaparams
[2023-03-23 15:58:42Z INFO GitHubActionsService] AAD Correlation ID for this token request: Unknown
[2023-03-23 16:08:43Z INFO MessageListener] No message retrieved from session 'a312f83e-554b-4f4b-8c21-9a5ee300a7aa' within last 30 minutes.
[2023-03-23 16:38:43Z INFO MessageListener] No message retrieved from session 'a312f83e-554b-4f4b-8c21-9a5ee300a7aa' within last 30 minutes.
[2023-03-23 16:53:43Z INFO RSAFileKeyManager] Loading RSA key parameters from file /home/ubuntu/gcmf-cib-api/actions-runner/.credentials_rsaparams
[2023-03-23 16:53:44Z INFO GitHubActionsService] AAD Correlation ID for this token request: Unknown
[2023-03-23 17:08:44Z INFO MessageListener] No message retrieved from session 'a312f83e-554b-4f4b-8c21-9a5ee300a7aa' within last 30 minutes.
[2023-03-23 17:38:44Z INFO MessageListener] No message retrieved from session 'a312f83e-554b-4f4b-8c21-9a5ee300a7aa' within last 30 minutes.
[2023-03-23 17:48:44Z INFO RSAFileKeyManager] Loading RSA key parameters from file /home/ubuntu/gcmf-cib-api/actions-runner/.credentials_rsaparams
[2023-03-23 17:48:45Z INFO GitHubActionsService] AAD Correlation ID for this token request: Unknown
[2023-03-23 18:08:45Z INFO MessageListener] No message retrieved from session 'a312f83e-554b-4f4b-8c21-9a5ee300a7aa' within last 30 minutes.
[2023-03-23 18:38:46Z INFO MessageListener] No message retrieved from session 'a312f83e-554b-4f4b-8c21-9a5ee300a7aa' within last 30 minutes.
[2023-03-23 18:43:46Z INFO RSAFileKeyManager] Loading RSA key parameters from file /home/ubuntu/gcmf-cib-api/actions-runner/.credentials_rsaparams
[2023-03-23 18:43:46Z INFO GitHubActionsService] AAD Correlation ID for this token request: Unknown
[2023-03-23 19:08:47Z INFO MessageListener] No message retrieved from session 'a312f83e-554b-4f4b-8c21-9a5ee300a7aa' within last 30 minutes.
[2023-03-23 19:38:47Z INFO MessageListener] No message retrieved from session 'a312f83e-554b-4f4b-8c21-9a5ee300a7aa' within last 30 minutes.
[2023-03-23 19:38:47Z INFO RSAFileKeyManager] Loading RSA key parameters from file /home/ubuntu/gcmf-cib-api/actions-runner/.credentials_rsaparams
[2023-03-23 19:38:48Z INFO GitHubActionsService] AAD Correlation ID for this token request: Unknown
[2023-03-23 20:08:48Z INFO MessageListener] No message retrieved from session 'a312f83e-554b-4f4b-8c21-9a5ee300a7aa' within last 30 minutes.
[2023-03-23 20:33:48Z INFO RSAFileKeyManager] Loading RSA key parameters from file /home/ubuntu/gcmf-cib-api/actions-runner/.credentials_rsaparams
[2023-03-23 20:33:49Z INFO GitHubActionsService] AAD Correlation ID for this token request: Unknown
[2023-03-23 20:38:49Z INFO MessageListener] No message retrieved from session 'a312f83e-554b-4f4b-8c21-9a5ee300a7aa' within last 30 minutes.
[2023-03-23 21:08:49Z INFO MessageListener] No message retrieved from session 'a312f83e-554b-4f4b-8c21-9a5ee300a7aa' within last 30 minutes.
[2023-03-23 21:28:50Z INFO RSAFileKeyManager] Loading RSA key parameters from file /home/ubuntu/gcmf-cib-api/actions-runner/.credentials_rsaparams
[2023-03-23 21:28:50Z INFO GitHubActionsService] AAD Correlation ID for this token request: Unknown
[2023-03-23 21:38:50Z INFO MessageListener] No message retrieved from session 'a312f83e-554b-4f4b-8c21-9a5ee300a7aa' within last 30 minutes.
[2023-03-23 22:08:50Z INFO MessageListener] No message retrieved from session 'a312f83e-554b-4f4b-8c21-9a5ee300a7aa' within last 30 minutes.
[2023-03-23 22:23:51Z INFO RSAFileKeyManager] Loading RSA key parameters from file /home/ubuntu/gcmf-cib-api/actions-runner/.credentials_rsaparams
[2023-03-23 22:23:51Z INFO GitHubActionsService] AAD Correlation ID for this token request: Unknown
[2023-03-23 22:38:51Z INFO MessageListener] No message retrieved from session 'a312f83e-554b-4f4b-8c21-9a5ee300a7aa' within last 30 minutes.
[2023-03-23 23:08:53Z INFO MessageListener] No message retrieved from session 'a312f83e-554b-4f4b-8c21-9a5ee300a7aa' within last 30 minutes.
[2023-03-23 23:18:53Z INFO RSAFileKeyManager] Loading RSA key parameters from file /home/ubuntu/gcmf-cib-api/actions-runner/.credentials_rsaparams
[2023-03-23 23:18:53Z INFO GitHubActionsService] AAD Correlation ID for this token request: Unknown
